    1  cat /var/lib/jenkins/secrets/initialAdminPassword
    2  sudo cat /var/lib/jenkins/secrets/initialAdminPassword
    3  mvn --version
    4  eksctl create cluster --name kubernetes-cluster --version 1.23 --region us-east-1 --nodegroup-name linux-nodes --node-type t2.xlarge --nodes 2 
    5  cat /home/ec2-user/.kube/config
    6  kubectl get no
    7  kubectl create namespace devsecops
    8  cat /home/ec2-user/.kube/config
    9  kubectl get deploy
   10  kubectl get deploy -n devsecops
   11  kubectl get svc
   12  kubectl get svc -n devsecops
   13  kubectl get po -n devsecops
   14  kubectl get deploy -n devsecops
   15  kubectl edit deploy asgbuggy-deployment
   16  kubectl edit deploy asgbuggy-deployment -n devsecops
   17  kubectl get po -n devsecop[s
   18  kubectl get po -n devsecops
   19  kubectl get svc -n devsecops
   20  eksctl delete cluster --region=us-east-1 --name=kubernetes-cluster
   21  history